Determining if the system is big endian passed with the following output:
Change Dir: /home/qqf/test_spchain/ex_sharding/deps/src/snappy/CMakeFiles/CMakeTmp

Run Build Command:"/usr/bin/make" "cmTC_7a04e/fast"
make[3]: Entering directory '/home/qqf/test_spchain/ex_sharding/deps/src/snappy/CMakeFiles/CMakeTmp'
/usr/bin/make -f CMakeFiles/cmTC_7a04e.dir/build.make CMakeFiles/cmTC_7a04e.dir/build
make[4]: Entering directory '/home/qqf/test_spchain/ex_sharding/deps/src/snappy/CMakeFiles/CMakeTmp'
Building C object CMakeFiles/cmTC_7a04e.dir/TestEndianess.c.o
/usr/bin/cc    -fPIE   -o CMakeFiles/cmTC_7a04e.dir/TestEndianess.c.o   -c /home/qqf/test_spchain/ex_sharding/deps/src/snappy/CMakeFiles/CMakeTmp/TestEndianess.c
Linking C executable cmTC_7a04e
/usr/bin/cmake -E cmake_link_script CMakeFiles/cmTC_7a04e.dir/link.txt --verbose=1
/usr/bin/cc       CMakeFiles/cmTC_7a04e.dir/TestEndianess.c.o  -o cmTC_7a04e -rdynamic 
make[4]: Leaving directory '/home/qqf/test_spchain/ex_sharding/deps/src/snappy/CMakeFiles/CMakeTmp'
make[3]: Leaving directory '/home/qqf/test_spchain/ex_sharding/deps/src/snappy/CMakeFiles/CMakeTmp'

TestEndianess.c:
/* A 16 bit integer is required. */
typedef unsigned short cmakeint16;

/* On a little endian machine, these 16bit ints will give "THIS IS LITTLE ENDIAN."
   On a big endian machine the characters will be exchanged pairwise. */
const cmakeint16 info_little[] =  {0x4854, 0x5349, 0x4920, 0x2053, 0x494c, 0x5454, 0x454c, 0x4520, 0x444e, 0x4149, 0x2e4e, 0x0000};

/* on a big endian machine, these 16bit ints will give "THIS IS BIG ENDIAN."
   On a little endian machine the characters will be exchanged pairwise. */
const cmakeint16 info_big[] =     {0x5448, 0x4953, 0x2049, 0x5320, 0x4249, 0x4720, 0x454e, 0x4449, 0x414e, 0x2e2e, 0x0000};

#ifdef __CLASSIC_C__
int main(argc, argv) int argc; char *argv[];
#else
int main(int argc, char *argv[])
#endif
{
  int require = 0;
  require += info_little[argc];
  require += info_big[argc];
  (void)argv;
  return require;
}


Determining if the include file sys/endian.h exists failed with the following output:
Change Dir: /home/qqf/test_spchain/ex_sharding/deps/src/snappy/CMakeFiles/CMakeTmp

Run Build Command:"/usr/bin/make" "cmTC_21432/fast"
make[3]: Entering directory '/home/qqf/test_spchain/ex_sharding/deps/src/snappy/CMakeFiles/CMakeTmp'
/usr/bin/make -f CMakeFiles/cmTC_21432.dir/build.make CMakeFiles/cmTC_21432.dir/build
make[4]: Entering directory '/home/qqf/test_spchain/ex_sharding/deps/src/snappy/CMakeFiles/CMakeTmp'
Building C object CMakeFiles/cmTC_21432.dir/CheckIncludeFile.c.o
/usr/bin/cc    -fPIE   -o CMakeFiles/cmTC_21432.dir/CheckIncludeFile.c.o   -c /home/qqf/test_spchain/ex_sharding/deps/src/snappy/CMakeFiles/CMakeTmp/CheckIncludeFile.c
/home/qqf/test_spchain/ex_sharding/deps/src/snappy/CMakeFiles/CMakeTmp/CheckIncludeFile.c:1:24: fatal error: sys/endian.h: 没有那个文件或目录
compilation terminated.
CMakeFiles/cmTC_21432.dir/build.make:65: recipe for target 'CMakeFiles/cmTC_21432.dir/CheckIncludeFile.c.o' failed
make[4]: *** [CMakeFiles/cmTC_21432.dir/CheckIncludeFile.c.o] Error 1
make[4]: Leaving directory '/home/qqf/test_spchain/ex_sharding/deps/src/snappy/CMakeFiles/CMakeTmp'
Makefile:126: recipe for target 'cmTC_21432/fast' failed
make[3]: *** [cmTC_21432/fast] Error 2
make[3]: Leaving directory '/home/qqf/test_spchain/ex_sharding/deps/src/snappy/CMakeFiles/CMakeTmp'


Determining if the include file windows.h exists failed with the following output:
Change Dir: /home/qqf/test_spchain/ex_sharding/deps/src/snappy/CMakeFiles/CMakeTmp

Run Build Command:"/usr/bin/make" "cmTC_2813f/fast"
make[3]: Entering directory '/home/qqf/test_spchain/ex_sharding/deps/src/snappy/CMakeFiles/CMakeTmp'
/usr/bin/make -f CMakeFiles/cmTC_2813f.dir/build.make CMakeFiles/cmTC_2813f.dir/build
make[4]: Entering directory '/home/qqf/test_spchain/ex_sharding/deps/src/snappy/CMakeFiles/CMakeTmp'
Building C object CMakeFiles/cmTC_2813f.dir/CheckIncludeFile.c.o
/usr/bin/cc    -fPIE   -o CMakeFiles/cmTC_2813f.dir/CheckIncludeFile.c.o   -c /home/qqf/test_spchain/ex_sharding/deps/src/snappy/CMakeFiles/CMakeTmp/CheckIncludeFile.c
/home/qqf/test_spchain/ex_sharding/deps/src/snappy/CMakeFiles/CMakeTmp/CheckIncludeFile.c:1:21: fatal error: windows.h: 没有那个文件或目录
compilation terminated.
CMakeFiles/cmTC_2813f.dir/build.make:65: recipe for target 'CMakeFiles/cmTC_2813f.dir/CheckIncludeFile.c.o' failed
make[4]: *** [CMakeFiles/cmTC_2813f.dir/CheckIncludeFile.c.o] Error 1
make[4]: Leaving directory '/home/qqf/test_spchain/ex_sharding/deps/src/snappy/CMakeFiles/CMakeTmp'
Makefile:126: recipe for target 'cmTC_2813f/fast' failed
make[3]: *** [cmTC_2813f/fast] Error 2
make[3]: Leaving directory '/home/qqf/test_spchain/ex_sharding/deps/src/snappy/CMakeFiles/CMakeTmp'


Determining if the function lzo1x_1_15_compress exists in the lzo2 failed with the following output:
Change Dir: /home/qqf/test_spchain/ex_sharding/deps/src/snappy/CMakeFiles/CMakeTmp

Run Build Command:"/usr/bin/make" "cmTC_642c0/fast"
make[3]: Entering directory '/home/qqf/test_spchain/ex_sharding/deps/src/snappy/CMakeFiles/CMakeTmp'
/usr/bin/make -f CMakeFiles/cmTC_642c0.dir/build.make CMakeFiles/cmTC_642c0.dir/build
make[4]: Entering directory '/home/qqf/test_spchain/ex_sharding/deps/src/snappy/CMakeFiles/CMakeTmp'
Building C object CMakeFiles/cmTC_642c0.dir/CheckFunctionExists.c.o
/usr/bin/cc    -DCHECK_FUNCTION_EXISTS=lzo1x_1_15_compress -fPIE   -o CMakeFiles/cmTC_642c0.dir/CheckFunctionExists.c.o   -c /usr/share/cmake-3.5/Modules/CheckFunctionExists.c
Linking C executable cmTC_642c0
/usr/bin/cmake -E cmake_link_script CMakeFiles/cmTC_642c0.dir/link.txt --verbose=1
/usr/bin/cc   -DCHECK_FUNCTION_EXISTS=lzo1x_1_15_compress    CMakeFiles/cmTC_642c0.dir/CheckFunctionExists.c.o  -o cmTC_642c0 -rdynamic -llzo2 
/usr/bin/ld: 找不到 -llzo2
collect2: error: ld returned 1 exit status
CMakeFiles/cmTC_642c0.dir/build.make:97: recipe for target 'cmTC_642c0' failed
make[4]: *** [cmTC_642c0] Error 1
make[4]: Leaving directory '/home/qqf/test_spchain/ex_sharding/deps/src/snappy/CMakeFiles/CMakeTmp'
Makefile:126: recipe for target 'cmTC_642c0/fast' failed
make[3]: *** [cmTC_642c0/fast] Error 2
make[3]: Leaving directory '/home/qqf/test_spchain/ex_sharding/deps/src/snappy/CMakeFiles/CMakeTmp'


